<?xml version="1.0" encoding="UTF-8"?>
<coverage generated="1663404280405" clover="3.2.0">
  <project timestamp="1663404280405" name="All files">
    <metrics statements="19" coveredstatements="11" conditionals="2" coveredconditionals="0" methods="9" coveredmethods="5" elements="30" coveredelements="16" complexity="0" loc="19" ncloc="19" packages="2" files="2" classes="2"/>
    <package name="form-component">
      <metrics statements="11" coveredstatements="5" conditionals="0" coveredconditionals="0" methods="4" coveredmethods="1"/>
      <file name="Form.jsx" path="/Users/polyakovaas/Documents/react/src/form-component/Form.jsx">
        <metrics statements="11" coveredstatements="5" conditionals="0" coveredconditionals="0" methods="4" coveredmethods="1"/>
        <line num="4" count="1" type="stmt"/>
        <line num="5" count="2" type="stmt"/>
        <line num="6" count="2" type="stmt"/>
        <line num="8" count="2" type="stmt"/>
        <line num="9" count="0" type="stmt"/>
        <line num="10" count="0" type="stmt"/>
        <line num="14" count="0" type="stmt"/>
        <line num="15" count="0" type="stmt"/>
        <line num="17" count="2" type="stmt"/>
        <line num="24" count="0" type="stmt"/>
        <line num="32" count="0" type="stmt"/>
      </file>
    </package>
    <package name="message-component">
      <metrics statements="8" coveredstatements="6" conditionals="2" coveredconditionals="0" methods="5" coveredmethods="4"/>
      <file name="MessageList.jsx" path="/Users/polyakovaas/Documents/react/src/message-component/MessageList.jsx">
        <metrics statements="8" coveredstatements="6" conditionals="2" coveredconditionals="0" methods="5" coveredmethods="4"/>
        <line num="3" count="1" type="stmt"/>
        <line num="4" count="3" type="stmt"/>
        <line num="5" count="3" type="stmt"/>
        <line num="6" count="0" type="cond" truecount="0" falsecount="2"/>
        <line num="7" count="0" type="stmt"/>
        <line num="10" count="3" type="stmt"/>
        <line num="13" count="3" type="stmt"/>
        <line num="16" count="3" type="stmt"/>
      </file>
    </package>
  </project>
</coverage>
