<?xml version="1.0" encoding="UTF-8"?>
<coverage generated="1664125010112" clover="3.2.0">
  <project timestamp="1664125010112" name="All files">
    <metrics statements="18" coveredstatements="12" conditionals="4" coveredconditionals="4" methods="9" coveredmethods="6" elements="31" coveredelements="22" complexity="0" loc="18" ncloc="18" packages="3" files="3" classes="3"/>
    <package name="form-component">
      <metrics statements="12" coveredstatements="7" conditionals="0" coveredconditionals="0" methods="5" coveredmethods="3"/>
      <file name="Form.tsx" path="/Users/polyakovaas/Documents/react/src/form-component/Form.tsx">
        <metrics statements="12" coveredstatements="7" conditionals="0" coveredconditionals="0" methods="5" coveredmethods="3"/>
        <line num="11" count="1" type="stmt"/>
        <line num="12" count="4" type="stmt"/>
        <line num="13" count="4" type="stmt"/>
        <line num="15" count="4" type="stmt"/>
        <line num="16" count="0" type="stmt"/>
        <line num="17" count="0" type="stmt"/>
        <line num="21" count="0" type="stmt"/>
        <line num="22" count="0" type="stmt"/>
        <line num="24" count="4" type="stmt"/>
        <line num="34" count="1" type="stmt"/>
        <line num="46" count="0" type="stmt"/>
        <line num="49" count="4" type="stmt"/>
      </file>
    </package>
    <package name="form-component.components">
      <metrics statements="3" coveredstatements="2" conditionals="4" coveredconditionals="4" methods="2" coveredmethods="1"/>
      <file name="Button.tsx" path="/Users/polyakovaas/Documents/react/src/form-component/components/Button.tsx">
        <metrics statements="3" coveredstatements="2" conditionals="4" coveredconditionals="4" methods="2" coveredmethods="1"/>
        <line num="11" count="2" type="stmt"/>
        <line num="13" count="0" type="cond" truecount="1" falsecount="0"/>
        <line num="16" count="5" type="stmt"/>
      </file>
    </package>
    <package name="message-component">
      <metrics statements="3" coveredstatements="3" conditionals="0" coveredconditionals="0" methods="2" coveredmethods="2"/>
      <file name="MessageList.tsx" path="/Users/polyakovaas/Documents/react/src/message-component/MessageList.tsx">
        <metrics statements="3" coveredstatements="3" conditionals="0" coveredconditionals="0" methods="2" coveredmethods="2"/>
        <line num="9" count="1" type="stmt"/>
        <line num="10" count="3" type="stmt"/>
        <line num="13" count="3" type="stmt"/>
      </file>
    </package>
  </project>
</coverage>
