{"/Users/polyakovaas/Documents/Новая папка 2/react/src/types.ts": {"path":"/Users/polyakovaas/Documents/Новая папка 2/react/src/types.ts","statementMap":{},"fnMap":{},"branchMap":{},"s":{},"f":{},"b":{},"_coverageSchema":"1a1c01bbd47fc00a2c39e90264f33305004495a9","hash":"719afec0a3e3f2dd21c27741558d336ade88d416"}
,"/Users/polyakovaas/Documents/Новая папка 2/react/src/form-component/Form.tsx": {"path":"/Users/polyakovaas/Documents/Новая папка 2/react/src/form-component/Form.tsx","statementMap":{"0":{"start":{"line":10,"column":24},"end":{"line":46,"column":1}},"1":{"start":{"line":11,"column":28},"end":{"line":11,"column":40}},"2":{"start":{"line":12,"column":21},"end":{"line":12,"column":32}},"3":{"start":{"line":13,"column":19},"end":{"line":13,"column":32}},"4":{"start":{"line":15,"column":22},"end":{"line":26,"column":3}},"5":{"start":{"line":16,"column":4},"end":{"line":16,"column":24}},"6":{"start":{"line":17,"column":4},"end":{"line":24,"column":5}},"7":{"start":{"line":18,"column":6},"end":{"line":23,"column":8}},"8":{"start":{"line":25,"column":4},"end":{"line":25,"column":17}},"9":{"start":{"line":27,"column":2},"end":{"line":45,"column":4}},"10":{"start":{"line":37,"column":26},"end":{"line":37,"column":51}},"11":{"start":{"line":41,"column":59},"end":{"line":41,"column":77}}},"fnMap":{"0":{"name":"(anonymous_0)","decl":{"start":{"line":10,"column":24},"end":{"line":10,"column":25}},"loc":{"start":{"line":10,"column":30},"end":{"line":46,"column":1}},"line":10},"1":{"name":"(anonymous_1)","decl":{"start":{"line":15,"column":22},"end":{"line":15,"column":23}},"loc":{"start":{"line":15,"column":64},"end":{"line":26,"column":3}},"line":15},"2":{"name":"(anonymous_2)","decl":{"start":{"line":37,"column":18},"end":{"line":37,"column":19}},"loc":{"start":{"line":37,"column":26},"end":{"line":37,"column":51}},"line":37},"3":{"name":"(anonymous_3)","decl":{"start":{"line":41,"column":40},"end":{"line":41,"column":41}},"loc":{"start":{"line":41,"column":59},"end":{"line":41,"column":77}},"line":41}},"branchMap":{"0":{"loc":{"start":{"line":17,"column":4},"end":{"line":24,"column":5}},"type":"if","locations":[{"start":{"line":17,"column":4},"end":{"line":24,"column":5}},{"start":{},"end":{}}],"line":17}},"s":{"0":1,"1":5,"2":4,"3":0,"4":0,"5":0,"6":0,"7":0,"8":0,"9":0,"10":0,"11":0},"f":{"0":5,"1":0,"2":0,"3":0},"b":{"0":[0,0]},"_coverageSchema":"1a1c01bbd47fc00a2c39e90264f33305004495a9","hash":"b6f5a5e3137c1b6a634c9bab4e8d4efee4f0524b"}
,"/Users/polyakovaas/Documents/Новая папка 2/react/src/form-component/components/Button/Button.tsx": {"path":"/Users/polyakovaas/Documents/Новая папка 2/react/src/form-component/components/Button/Button.tsx","statementMap":{"0":{"start":{"line":11,"column":39},"end":{"line":26,"column":1}},"1":{"start":{"line":13,"column":16},"end":{"line":13,"column":20}},"2":{"start":{"line":17,"column":2},"end":{"line":25,"column":14}}},"fnMap":{"0":{"name":"(anonymous_0)","decl":{"start":{"line":11,"column":39},"end":{"line":11,"column":40}},"loc":{"start":{"line":17,"column":2},"end":{"line":25,"column":14}},"line":17},"1":{"name":"(anonymous_1)","decl":{"start":{"line":13,"column":10},"end":{"line":13,"column":11}},"loc":{"start":{"line":13,"column":16},"end":{"line":13,"column":20}},"line":13}},"branchMap":{"0":{"loc":{"start":{"line":12,"column":2},"end":{"line":12,"column":18}},"type":"default-arg","locations":[{"start":{"line":12,"column":13},"end":{"line":12,"column":18}}],"line":12},"1":{"loc":{"start":{"line":13,"column":2},"end":{"line":13,"column":20}},"type":"default-arg","locations":[{"start":{"line":13,"column":10},"end":{"line":13,"column":20}}],"line":13},"2":{"loc":{"start":{"line":24,"column":5},"end":{"line":24,"column":29}},"type":"binary-expr","locations":[{"start":{"line":24,"column":5},"end":{"line":24,"column":11}},{"start":{"line":24,"column":15},"end":{"line":24,"column":29}}],"line":24}},"s":{"0":1,"1":0,"2":0},"f":{"0":0,"1":0},"b":{"0":[0],"1":[0],"2":[0,0]},"_coverageSchema":"1a1c01bbd47fc00a2c39e90264f33305004495a9","hash":"c138a81939ca7d9da6244c948403fe463e3dd22e"}
,"/Users/polyakovaas/Documents/Новая папка 2/react/src/message-component/MessageList.tsx": {"path":"/Users/polyakovaas/Documents/Новая папка 2/react/src/message-component/MessageList.tsx","statementMap":{"0":{"start":{"line":8,"column":49},"end":{"line":16,"column":1}},"1":{"start":{"line":9,"column":2},"end":{"line":15,"column":7}},"2":{"start":{"line":11,"column":6},"end":{"line":13,"column":11}}},"fnMap":{"0":{"name":"(anonymous_0)","decl":{"start":{"line":8,"column":49},"end":{"line":8,"column":50}},"loc":{"start":{"line":9,"column":2},"end":{"line":15,"column":7}},"line":9},"1":{"name":"(anonymous_1)","decl":{"start":{"line":10,"column":18},"end":{"line":10,"column":19}},"loc":{"start":{"line":11,"column":6},"end":{"line":13,"column":11}},"line":11}},"branchMap":{},"s":{"0":1,"1":3,"2":0},"f":{"0":3,"1":0},"b":{},"_coverageSchema":"1a1c01bbd47fc00a2c39e90264f33305004495a9","hash":"2d90209010ae59be3bfd43b3934c4b794056c093"}
,"/Users/polyakovaas/Documents/Новая папка 2/react/src/store/messages/actions.ts": {"path":"/Users/polyakovaas/Documents/Новая папка 2/react/src/store/messages/actions.ts","statementMap":{"0":{"start":{"line":5,"column":24},"end":{"line":5,"column":44}},"1":{"start":{"line":6,"column":27},"end":{"line":6,"column":50}},"2":{"start":{"line":7,"column":27},"end":{"line":7,"column":50}},"3":{"start":{"line":9,"column":23},"end":{"line":12,"column":2}},"4":{"start":{"line":9,"column":55},"end":{"line":12,"column":1}},"5":{"start":{"line":14,"column":26},"end":{"line":21,"column":2}},"6":{"start":{"line":17,"column":18},"end":{"line":21,"column":1}},"7":{"start":{"line":23,"column":26},"end":{"line":26,"column":2}},"8":{"start":{"line":23,"column":61},"end":{"line":26,"column":1}},"9":{"start":{"line":29,"column":2},"end":{"line":31,"column":3}},"10":{"start":{"line":29,"column":45},"end":{"line":31,"column":3}},"11":{"start":{"line":30,"column":4},"end":{"line":30,"column":47}}},"fnMap":{"0":{"name":"(anonymous_0)","decl":{"start":{"line":9,"column":23},"end":{"line":9,"column":24}},"loc":{"start":{"line":9,"column":55},"end":{"line":12,"column":1}},"line":9},"1":{"name":"(anonymous_1)","decl":{"start":{"line":14,"column":26},"end":{"line":14,"column":27}},"loc":{"start":{"line":17,"column":18},"end":{"line":21,"column":1}},"line":17},"2":{"name":"(anonymous_2)","decl":{"start":{"line":23,"column":26},"end":{"line":23,"column":27}},"loc":{"start":{"line":23,"column":61},"end":{"line":26,"column":1}},"line":23},"3":{"name":"(anonymous_3)","decl":{"start":{"line":29,"column":2},"end":{"line":29,"column":3}},"loc":{"start":{"line":29,"column":45},"end":{"line":31,"column":3}},"line":29},"4":{"name":"(anonymous_4)","decl":{"start":{"line":29,"column":45},"end":{"line":29,"column":46}},"loc":{"start":{"line":29,"column":69},"end":{"line":31,"column":3}},"line":29}},"branchMap":{},"s":{"0":1,"1":1,"2":1,"3":1,"4":0,"5":1,"6":0,"7":1,"8":0,"9":1,"10":0,"11":0},"f":{"0":0,"1":0,"2":0,"3":0,"4":0},"b":{},"_coverageSchema":"1a1c01bbd47fc00a2c39e90264f33305004495a9","hash":"3562d421ce61164f9414c3c3ea9912883d3901e4"}
}
