{"/Users/polyakovaas/Documents/react/src/form-component/Form.tsx": {"path":"/Users/polyakovaas/Documents/react/src/form-component/Form.tsx","statementMap":{"0":{"start":{"line":11,"column":35},"end":{"line":54,"column":1}},"1":{"start":{"line":12,"column":28},"end":{"line":12,"column":40}},"2":{"start":{"line":13,"column":30},"end":{"line":13,"column":42}},"3":{"start":{"line":15,"column":22},"end":{"line":23,"column":3}},"4":{"start":{"line":16,"column":4},"end":{"line":16,"column":24}},"5":{"start":{"line":17,"column":4},"end":{"line":20,"column":7}},"6":{"start":{"line":21,"column":4},"end":{"line":21,"column":17}},"7":{"start":{"line":22,"column":4},"end":{"line":22,"column":18}},"8":{"start":{"line":24,"column":2},"end":{"line":53,"column":4}},"9":{"start":{"line":34,"column":26},"end":{"line":34,"column":51}},"10":{"start":{"line":46,"column":26},"end":{"line":46,"column":52}},"11":{"start":{"line":49,"column":59},"end":{"line":49,"column":77}}},"fnMap":{"0":{"name":"(anonymous_0)","decl":{"start":{"line":11,"column":35},"end":{"line":11,"column":36}},"loc":{"start":{"line":11,"column":55},"end":{"line":54,"column":1}},"line":11},"1":{"name":"(anonymous_1)","decl":{"start":{"line":15,"column":22},"end":{"line":15,"column":23}},"loc":{"start":{"line":15,"column":64},"end":{"line":23,"column":3}},"line":15},"2":{"name":"(anonymous_2)","decl":{"start":{"line":34,"column":18},"end":{"line":34,"column":19}},"loc":{"start":{"line":34,"column":26},"end":{"line":34,"column":51}},"line":34},"3":{"name":"(anonymous_3)","decl":{"start":{"line":46,"column":18},"end":{"line":46,"column":19}},"loc":{"start":{"line":46,"column":26},"end":{"line":46,"column":52}},"line":46},"4":{"name":"(anonymous_4)","decl":{"start":{"line":49,"column":40},"end":{"line":49,"column":41}},"loc":{"start":{"line":49,"column":59},"end":{"line":49,"column":77}},"line":49}},"branchMap":{},"s":{"0":1,"1":4,"2":4,"3":4,"4":0,"5":0,"6":0,"7":0,"8":4,"9":1,"10":0,"11":4},"f":{"0":4,"1":0,"2":1,"3":0,"4":4},"b":{},"_coverageSchema":"1a1c01bbd47fc00a2c39e90264f33305004495a9","hash":"11edf3c820657586489c0055a88eb8d04fb23b82"}
,"/Users/polyakovaas/Documents/react/src/form-component/components/Button.tsx": {"path":"/Users/polyakovaas/Documents/react/src/form-component/components/Button.tsx","statementMap":{"0":{"start":{"line":11,"column":39},"end":{"line":25,"column":1}},"1":{"start":{"line":13,"column":16},"end":{"line":13,"column":20}},"2":{"start":{"line":16,"column":2},"end":{"line":24,"column":14}}},"fnMap":{"0":{"name":"(anonymous_0)","decl":{"start":{"line":11,"column":39},"end":{"line":11,"column":40}},"loc":{"start":{"line":16,"column":2},"end":{"line":24,"column":14}},"line":16},"1":{"name":"(anonymous_1)","decl":{"start":{"line":13,"column":10},"end":{"line":13,"column":11}},"loc":{"start":{"line":13,"column":16},"end":{"line":13,"column":20}},"line":13}},"branchMap":{"0":{"loc":{"start":{"line":12,"column":2},"end":{"line":12,"column":18}},"type":"default-arg","locations":[{"start":{"line":12,"column":13},"end":{"line":12,"column":18}}],"line":12},"1":{"loc":{"start":{"line":13,"column":2},"end":{"line":13,"column":20}},"type":"default-arg","locations":[{"start":{"line":13,"column":10},"end":{"line":13,"column":20}}],"line":13},"2":{"loc":{"start":{"line":23,"column":5},"end":{"line":23,"column":34}},"type":"binary-expr","locations":[{"start":{"line":23,"column":5},"end":{"line":23,"column":11}},{"start":{"line":23,"column":15},"end":{"line":23,"column":34}}],"line":23}},"s":{"0":2,"1":0,"2":5},"f":{"0":5,"1":0},"b":{"0":[1],"1":[5],"2":[5,4]},"_coverageSchema":"1a1c01bbd47fc00a2c39e90264f33305004495a9","hash":"2cddf43b09aabf133826e7b3d6eead238ebc9187"}
,"/Users/polyakovaas/Documents/react/src/message-component/MessageList.tsx": {"path":"/Users/polyakovaas/Documents/react/src/message-component/MessageList.tsx","statementMap":{"0":{"start":{"line":9,"column":49},"end":{"line":21,"column":1}},"1":{"start":{"line":10,"column":2},"end":{"line":20,"column":4}},"2":{"start":{"line":13,"column":8},"end":{"line":17,"column":19}}},"fnMap":{"0":{"name":"(anonymous_0)","decl":{"start":{"line":9,"column":49},"end":{"line":9,"column":50}},"loc":{"start":{"line":9,"column":67},"end":{"line":21,"column":1}},"line":9},"1":{"name":"(anonymous_1)","decl":{"start":{"line":12,"column":20},"end":{"line":12,"column":21}},"loc":{"start":{"line":13,"column":8},"end":{"line":17,"column":19}},"line":13}},"branchMap":{},"s":{"0":1,"1":3,"2":3},"f":{"0":3,"1":3},"b":{},"_coverageSchema":"1a1c01bbd47fc00a2c39e90264f33305004495a9","hash":"3a5a9f3701b12200d4a321fd725a1bdfed802152"}
}
