TN:
SF:src/form-component/Form.tsx
FN:11,(anonymous_0)
FN:15,(anonymous_1)
FN:34,(anonymous_2)
FN:46,(anonymous_3)
FN:49,(anonymous_4)
FNF:5
FNH:3
FNDA:4,(anonymous_0)
FNDA:0,(anonymous_1)
FNDA:1,(anonymous_2)
FNDA:0,(anonymous_3)
FNDA:4,(anonymous_4)
DA:11,1
DA:12,4
DA:13,4
DA:15,4
DA:16,0
DA:17,0
DA:21,0
DA:22,0
DA:24,4
DA:34,1
DA:46,0
DA:49,4
LF:12
LH:7
BRF:0
BRH:0
end_of_record
TN:
SF:src/form-component/components/Button.tsx
FN:11,(anonymous_0)
FN:13,(anonymous_1)
FNF:2
FNH:1
FNDA:5,(anonymous_0)
FNDA:0,(anonymous_1)
DA:11,2
DA:13,0
DA:16,5
LF:3
LH:2
BRDA:12,0,0,1
BRDA:13,1,0,5
BRDA:23,2,0,5
BRDA:23,2,1,4
BRF:4
BRH:4
end_of_record
TN:
SF:src/message-component/MessageList.tsx
FN:9,(anonymous_0)
FN:12,(anonymous_1)
FNF:2
FNH:2
FNDA:3,(anonymous_0)
FNDA:3,(anonymous_1)
DA:9,1
DA:10,3
DA:13,3
LF:3
LH:3
BRF:0
BRH:0
end_of_record
