TN:
SF:src/types.ts
FNF:0
FNH:0
LF:0
LH:0
BRF:0
BRH:0
end_of_record
TN:
SF:src/form-component/Form.tsx
FN:10,(anonymous_0)
FN:15,(anonymous_1)
FN:37,(anonymous_2)
FN:41,(anonymous_3)
FNF:4
FNH:1
FNDA:5,(anonymous_0)
FNDA:0,(anonymous_1)
FNDA:0,(anonymous_2)
FNDA:0,(anonymous_3)
DA:10,1
DA:11,5
DA:12,4
DA:13,0
DA:15,0
DA:16,0
DA:17,0
DA:18,0
DA:25,0
DA:27,0
DA:37,0
DA:41,0
LF:12
LH:3
BRDA:17,0,0,0
BRDA:17,0,1,0
BRF:2
BRH:0
end_of_record
TN:
SF:src/form-component/components/Button/Button.tsx
FN:11,(anonymous_0)
FN:13,(anonymous_1)
FNF:2
FNH:0
FNDA:0,(anonymous_0)
FNDA:0,(anonymous_1)
DA:11,1
DA:13,0
DA:17,0
LF:3
LH:1
BRDA:12,0,0,0
BRDA:13,1,0,0
BRDA:24,2,0,0
BRDA:24,2,1,0
BRF:4
BRH:0
end_of_record
TN:
SF:src/message-component/MessageList.tsx
FN:8,(anonymous_0)
FN:10,(anonymous_1)
FNF:2
FNH:1
FNDA:3,(anonymous_0)
FNDA:0,(anonymous_1)
DA:8,1
DA:9,3
DA:11,0
LF:3
LH:2
BRF:0
BRH:0
end_of_record
TN:
SF:src/store/messages/actions.ts
FN:9,(anonymous_0)
FN:14,(anonymous_1)
FN:23,(anonymous_2)
FN:29,(anonymous_3)
FN:29,(anonymous_4)
FNF:5
FNH:0
FNDA:0,(anonymous_0)
FNDA:0,(anonymous_1)
FNDA:0,(anonymous_2)
FNDA:0,(anonymous_3)
FNDA:0,(anonymous_4)
DA:5,1
DA:6,1
DA:7,1
DA:9,1
DA:14,1
DA:17,0
DA:23,1
DA:29,1
DA:30,0
LF:9
LH:7
BRF:0
BRH:0
end_of_record
